<?xml version="1.0" encoding="UTF-8"?>
<!-- Generated by org.testng.reporters.JUnitReportReporter -->
<testsuite hostname="DESKTOP-DRH83U0" failures="0" tests="1" name="simpletest.Modify" time="0.009" errors="0" timestamp="2023-01-23T11:41:29 IST" skipped="0">
  <testcase classname="simpletest.Modify" name="modify" time="0.009"/>
  <system-out/>
</testsuite> <!-- simpletest.Modify -->
