<?xml version="1.0" encoding="UTF-8"?>
<!-- Generated by org.testng.reporters.JUnitReportReporter -->
<testsuite hostname="DESKTOP-DRH83U0" failures="0" tests="1" name="simpletest.Delete" time="0.008" errors="0" timestamp="2023-01-23T11:41:22 IST" skipped="0">
  <testcase classname="simpletest.Delete" name="delete" time="0.008"/>
  <system-out/>
</testsuite> <!-- simpletest.Delete -->
